<?xml version="1.0" encoding="UTF-8"?>
<!-- Generated by org.testng.reporters.JUnitReportReporter -->
<testsuite hostname="AmanRaj" failures="0" tests="1" name="scripts.TestLogin" time="13.670" errors="0" timestamp="03 Dec 2017 08:14:21 GMT" skipped="0">
  <testcase classname="scripts.TestLogin" name="testLogin" time="13.670"/>
</testsuite> <!-- scripts.TestLogin -->
