<?xml version="1.0" encoding="UTF-8"?>
<!-- Generated by org.testng.reporters.JUnitReportReporter -->
<testsuite hostname="AmanRaj" failures="0" tests="1" name="scripts.TestInvalidLogin" time="10.439" errors="0" timestamp="03 Dec 2017 08:14:22 GMT" skipped="0">
  <testcase classname="scripts.TestInvalidLogin" name="testInvalidLogin" time="10.439"/>
</testsuite> <!-- scripts.TestInvalidLogin -->
