<?xml version="1.0" encoding="UTF-8"?>
<!-- Generated by org.testng.reporters.JUnitReportReporter -->
<testsuite hostname="AmanRaj" failures="0" tests="1" name="scripts.TestInvalidLogin" time="21.559" errors="0" timestamp="09 Dec 2017 08:50:20 GMT" skipped="0">
  <testcase classname="scripts.TestInvalidLogin" name="testInvalidLogin" time="21.559"/>
</testsuite> <!-- scripts.TestInvalidLogin -->
