<?xml version="1.0" encoding="UTF-8"?>
<!-- Generated by org.testng.reporters.JUnitReportReporter -->
<testsuite hostname="AmanRaj" failures="0" tests="1" name="scripts.TestLogin" time="63.940" errors="0" timestamp="09 Dec 2017 08:50:20 GMT" skipped="0">
  <testcase classname="scripts.TestLogin" name="testLogin" time="63.940"/>
</testsuite> <!-- scripts.TestLogin -->
